<?xml version="1.0" encoding="UTF-8"?>
<!-- Generated by org.testng.reporters.JUnitReportReporter -->
<testsuite hostname="WINDOWS-LK7KSQM" failures="0" tests="1" name="seleniumCTCoTaskTest" time="8.616" errors="0" timestamp="26 Sep 2020 13:43:42 GMT" skipped="0">
  <testcase classname="seleniumCTCoTaskTest" name="testProfessionalSkillsAndQualificationContainFiveSkills" time="8.616"/>
</testsuite> <!-- seleniumCTCoTaskTest -->
